
  .⨯..........⨯.....................................
  ────────────────────────────────────────────────────────────────────────────
   FAILED  Tests\Feature\ExampleTest > the application returns a successful…
  Expected response status code [200] but received 500.
Failed asserting that 500 is identical to 200.
The following exception occurred during the last request:
PDOException: SQLSTATE[HY000]: General error: 1 no such table: news_articles in /Users/jon/Herd/clarence/vendor/laravel/framework/src/Illuminate/Database/Connection.php:420
Stack trace:
#0 /Users/jon/Herd/clarence/vendor/laravel/framework/src/Illuminate/Database/Connection.php(420): PDO->prepare('select * from "...')
#1 /Users/jon/Herd/clarence/vendor/laravel/framework/src/Illuminate/Database/Connection.php(827): Illuminate\Database\Connection->{closure:Illuminate\Database\Connection::select():411}('select * from "...', Array)
#2 /Users/jon/Herd/clarence/vendor/laravel/framework/src/Illuminate/Database/Connection.php(794): Illuminate\Database\Connection->runQueryCallback('select * from "...', Array, Object(Closure))
#3 /Users/jon/Herd/clarence/vendor/laravel/framework/src/Illuminate/Database/Connection.php(411): Illuminate\Database\Connection->run('select * from "...', Array, Object(Closure))
#4 /Users/jon/Herd/clarence/vendor/laravel/framework/src/Illuminate/Database/Query/Builder.php(3386): Illuminate\Database\Connection->select('select * from "...', Array, true)
#5 /Users/jon/Herd/clarence/vendor/laravel/framework/src/Illuminate/Database/Query/Builder.php(3371): Illuminate\Database\Query\Builder->runSelect()
#6 /Users/jon/Herd/clarence/vendor/laravel/framework/src/Illuminate/Database/Query/Builder.php(3961): Illuminate\Database\Query\Builder->{closure:Illuminate\Database\Query\Builder::get():3370}()
#7 /Users/jon/Herd/clarence/vendor/laravel/framework/src/Illuminate/Database/Query/Builder.php(3370): Illuminate\Database\Query\Builder->onceWithColumns(Array, Object(Closure))
#8 /Users/jon/Herd/clarence/vendor/laravel/framework/src/Illuminate/Database/Eloquent/Builder.php(902): Illuminate\Database\Query\Builder->get(Array)
#9 /Users/jon/Herd/clarence/vendor/laravel/framework/src/Illuminate/Database/Eloquent/Builder.php(884): Illuminate\Database\Eloquent\Builder->getModels(Array)
#10 /Users/jon/Herd/clarence/app/Livewire/Home.php(18): Illuminate\Database\Eloquent\Builder->get()
#11 /Users/jon/Herd/clarence/vendor/laravel/framework/src/Illuminate/Container/BoundMethod.php(36): App\Livewire\Home->render()
#12 /Users/jon/Herd/clarence/vendor/laravel/framework/src/Illuminate/Container/Util.php(43): Illuminate\Container\BoundMethod::{closure:Illuminate\Container\BoundMethod::call():35}()
#13 /Users/jon/Herd/clarence/vendor/laravel/framework/src/Illuminate/Container/BoundMethod.php(96): Illuminate\Container\Util::unwrapIfClosure(Object(Closure))
#14 /Users/jon/Herd/clarence/vendor/laravel/framework/src/Illuminate/Container/BoundMethod.php(35): Illuminate\Container\BoundMethod::callBoundMethod(Object(Illuminate\Foundation\Application), Array, Object(Closure))
#15 /Users/jon/Herd/clarence/vendor/livewire/livewire/src/Wrapped.php(23): Illuminate\Container\BoundMethod::call(Object(Illuminate\Foundation\Application), Array, Array)
#16 /Users/jon/Herd/clarence/vendor/livewire/livewire/src/Mechanisms/HandleComponents/HandleComponents.php(410): Livewire\Wrapped->__call('render', Array)
#17 /Users/jon/Herd/clarence/vendor/livewire/livewire/src/Mechanisms/HandleComponents/HandleComponents.php(367): Livewire\Mechanisms\HandleComponents\HandleComponents->getView(Object(App\Livewire\Home))
#18 /Users/jon/Herd/clarence/vendor/livewire/livewire/src/Mechanisms/HandleComponents/HandleComponents.php(70): Livewire\Mechanisms\HandleComponents\HandleComponents->render(Object(App\Livewire\Home), '<div></div>')
#19 /Users/jon/Herd/clarence/vendor/livewire/livewire/src/LivewireManager.php(102): Livewire\Mechanisms\HandleComponents\HandleComponents->mount('App\\Livewire\\Ho...', Array, NULL, Array)
#20 /Users/jon/Herd/clarence/vendor/livewire/livewire/src/Features/SupportPageComponents/HandlesPageComponents.php(19): Livewire\LivewireManager->mount('App\\Livewire\\Ho...', Array)
#21 /Users/jon/Herd/clarence/vendor/livewire/livewire/src/Features/SupportPageComponents/SupportPageComponents.php(118): Livewire\Component->{closure:Livewire\Features\SupportPageComponents\HandlesPageComponents::__invoke():14}()
#22 /Users/jon/Herd/clarence/vendor/livewire/livewire/src/Features/SupportPageComponents/HandlesPageComponents.php(14): Livewire\Features\SupportPageComponents\SupportPageComponents::interceptTheRenderOfTheComponentAndRetreiveTheLayoutConfiguration(Object(Closure))
#23 /Users/jon/Herd/clarence/vendor/laravel/framework/src/Illuminate/Routing/ControllerDispatcher.php(46): Livewire\Component->__invoke()
#24 /Users/jon/Herd/clarence/vendor/laravel/framework/src/Illuminate/Routing/Route.php(265): Illuminate\Routing\ControllerDispatcher->dispatch(Object(Illuminate\Routing\Route), Object(App\Livewire\Home), '__invoke')
#25 /Users/jon/Herd/clarence/vendor/laravel/framework/src/Illuminate/Routing/Route.php(211): Illuminate\Routing\Route->runController()
#26 /Users/jon/Herd/clarence/vendor/laravel/framework/src/Illuminate/Routing/Router.php(822): Illuminate\Routing\Route->run()
#27 /Users/jon/Herd/clarence/vendor/laravel/framework/src/Illuminate/Pipeline/Pipeline.php(180): Illuminate\Routing\Router->{closure:Illuminate\Routing\Router::runRouteWithinStack():821}(Object(Illuminate\Http\Request))
#28 /Users/jon/Herd/clarence/vendor/laravel/framework/src/Illuminate/Routing/Middleware/SubstituteBindings.php(50): Illuminate\Pipeline\Pipeline->{closure:Illuminate\Pipeline\Pipeline::prepareDestination():178}(Object(Illuminate\Http\Request))
#29 /Users/jon/Herd/clarence/vendor/laravel/framework/src/Illuminate/Pipeline/Pipeline.php(219): Illuminate\Routing\Middleware\SubstituteBindings->handle(Object(Illuminate\Http\Request), Object(Closure))
#30 /Users/jon/Herd/clarence/vendor/laravel/framework/src/Illuminate/Foundation/Http/Middleware/VerifyCsrfToken.php(87): Illuminate\Pipeline\Pipeline->{closure:{closure:Illuminate\Pipeline\Pipeline::carry():194}:195}(Object(Illuminate\Http\Request))
#31 /Users/jon/Herd/clarence/vendor/laravel/framework/src/Illuminate/Pipeline/Pipeline.php(219): Illuminate\Foundation\Http\Middleware\VerifyCsrfToken->handle(Object(Illuminate\Http\Request), Object(Closure))
#32 /Users/jon/Herd/clarence/vendor/laravel/framework/src/Illuminate/View/Middleware/ShareErrorsFromSession.php(48): Illuminate\Pipeline\Pipeline->{closure:{closure:Illuminate\Pipeline\Pipeline::carry():194}:195}(Object(Illuminate\Http\Request))
#33 /Users/jon/Herd/clarence/vendor/laravel/framework/src/Illuminate/Pipeline/Pipeline.php(219): Illuminate\View\Middleware\ShareErrorsFromSession->handle(Object(Illuminate\Http\Request), Object(Closure))
#34 /Users/jon/Herd/clarence/vendor/laravel/framework/src/Illuminate/Session/Middleware/StartSession.php(120): Illuminate\Pipeline\Pipeline->{closure:{closure:Illuminate\Pipeline\Pipeline::carry():194}:195}(Object(Illuminate\Http\Request))
#35 /Users/jon/Herd/clarence/vendor/laravel/framework/src/Illuminate/Session/Middleware/StartSession.php(63): Illuminate\Session\Middleware\StartSession->handleStatefulRequest(Object(Illuminate\Http\Request), Object(Illuminate\Session\Store), Object(Closure))
#36 /Users/jon/Herd/clarence/vendor/laravel/framework/src/Illuminate/Pipeline/Pipeline.php(219): Illuminate\Session\Middleware\StartSession->handle(Object(Illuminate\Http\Request), Object(Closure))
#37 /Users/jon/Herd/clarence/vendor/laravel/framework/src/Illuminate/Cookie/Middleware/AddQueuedCookiesToResponse.php(36): Illuminate\Pipeline\Pipeline->{closure:{closure:Illuminate\Pipeline\Pipeline::carry():194}:195}(Object(Illuminate\Http\Request))
#38 /Users/jon/Herd/clarence/vendor/laravel/framework/src/Illuminate/Pipeline/Pipeline.php(219): Illuminate\Cookie\Middleware\AddQueuedCookiesToResponse->handle(Object(Illuminate\Http\Request), Object(Closure))
#39 /Users/jon/Herd/clarence/vendor/laravel/framework/src/Illuminate/Cookie/Middleware/EncryptCookies.php(74): Illuminate\Pipeline\Pipeline->{closure:{closure:Illuminate\Pipeline\Pipeline::carry():194}:195}(Object(Illuminate\Http\Request))
#40 /Users/jon/Herd/clarence/vendor/laravel/framework/src/Illuminate/Pipeline/Pipeline.php(219): Illuminate\Cookie\Middleware\EncryptCookies->handle(Object(Illuminate\Http\Request), Object(Closure))
#41 /Users/jon/Herd/clarence/vendor/laravel/framework/src/Illuminate/Pipeline/Pipeline.php(137): Illuminate\Pipeline\Pipeline->{closure:{closure:Illuminate\Pipeline\Pipeline::carry():194}:195}(Object(Illuminate\Http\Request))
#42 /Users/jon/Herd/clarence/vendor/laravel/framework/src/Illuminate/Routing/Router.php(821): Illuminate\Pipeline\Pipeline->then(Object(Closure))
#43 /Users/jon/Herd/clarence/vendor/laravel/framework/src/Illuminate/Routing/Router.php(800): Illuminate\Routing\Router->runRouteWithinStack(Object(Illuminate\Routing\Route), Object(Illuminate\Http\Request))
#44 /Users/jon/Herd/clarence/vendor/laravel/framework/src/Illuminate/Routing/Router.php(764): Illuminate\Routing\Router->runRoute(Object(Illuminate\Http\Request), Object(Illuminate\Routing\Route))
#45 /Users/jon/Herd/clarence/vendor/laravel/framework/src/Illuminate/Routing/Router.php(753): Illuminate\Routing\Router->dispatchToRoute(Object(Illuminate\Http\Request))
#46 /Users/jon/Herd/clarence/vendor/laravel/framework/src/Illuminate/Foundation/Http/Kernel.php(200): Illuminate\Routing\Router->dispatch(Object(Illuminate\Http\Request))
#47 /Users/jon/Herd/clarence/vendor/laravel/framework/src/Illuminate/Pipeline/Pipeline.php(180): Illuminate\Foundation\Http\Kernel->{closure:Illuminate\Foundation\Http\Kernel::dispatchToRouter():197}(Object(Illuminate\Http\Request))
#48 /Users/jon/Herd/clarence/vendor/livewire/livewire/src/Features/SupportDisablingBackButtonCache/DisableBackButtonCacheMiddleware.php(19): Illuminate\Pipeline\Pipeline->{closure:Illuminate\Pipeline\Pipeline::prepareDestination():178}(Object(Illuminate\Http\Request))
#49 /Users/jon/Herd/clarence/vendor/laravel/framework/src/Illuminate/Pipeline/Pipeline.php(219): Livewire\Features\SupportDisablingBackButtonCache\DisableBackButtonCacheMiddleware->handle(Object(Illuminate\Http\Request), Object(Closure))
#50 /Users/jon/Herd/clarence/app/Http/Middleware/LoadSettings.php(67): Illuminate\Pipeline\Pipeline->{closure:{closure:Illuminate\Pipeline\Pipeline::carry():194}:195}(Object(Illuminate\Http\Request))
#51 /Users/jon/Herd/clarence/vendor/laravel/framework/src/Illuminate/Pipeline/Pipeline.php(219): App\Http\Middleware\LoadSettings->handle(Object(Illuminate\Http\Request), Object(Closure))
#52 /Users/jon/Herd/clarence/vendor/laravel/framework/src/Illuminate/Foundation/Http/Middleware/TransformsRequest.php(21): Illuminate\Pipeline\Pipeline->{closure:{closure:Illuminate\Pipeline\Pipeline::carry():194}:195}(Object(Illuminate\Http\Request))
#53 /Users/jon/Herd/clarence/vendor/laravel/framework/src/Illuminate/Foundation/Http/Middleware/ConvertEmptyStringsToNull.php(31): Illuminate\Foundation\Http\Middleware\TransformsRequest->handle(Object(Illuminate\Http\Request), Object(Closure))
#54 /Users/jon/Herd/clarence/vendor/laravel/framework/src/Illuminate/Pipeline/Pipeline.php(219): Illuminate\Foundation\Http\Middleware\ConvertEmptyStringsToNull->handle(Object(Illuminate\Http\Request), Object(Closure))
#55 /Users/jon/Herd/clarence/vendor/laravel/framework/src/Illuminate/Foundation/Http/Middleware/TransformsRequest.php(21): Illuminate\Pipeline\Pipeline->{closure:{closure:Illuminate\Pipeline\Pipeline::carry():194}:195}(Object(Illuminate\Http\Request))
#56 /Users/jon/Herd/clarence/vendor/laravel/framework/src/Illuminate/Foundation/Http/Middleware/TrimStrings.php(51): Illuminate\Foundation\Http\Middleware\TransformsRequest->handle(Object(Illuminate\Http\Request), Object(Closure))
#57 /Users/jon/Herd/clarence/vendor/laravel/framework/src/Illuminate/Pipeline/Pipeline.php(219): Illuminate\Foundation\Http\Middleware\TrimStrings->handle(Object(Illuminate\Http\Request), Object(Closure))
#58 /Users/jon/Herd/clarence/vendor/laravel/framework/src/Illuminate/Http/Middleware/ValidatePostSize.php(27): Illuminate\Pipeline\Pipeline->{closure:{closure:Illuminate\Pipeline\Pipeline::carry():194}:195}(Object(Illuminate\Http\Request))
#59 /Users/jon/Herd/clarence/vendor/laravel/framework/src/Illuminate/Pipeline/Pipeline.php(219): Illuminate\Http\Middleware\ValidatePostSize->handle(Object(Illuminate\Http\Request), Object(Closure))
#60 /Users/jon/Herd/clarence/vendor/laravel/framework/src/Illuminate/Foundation/Http/Middleware/PreventRequestsDuringMaintenance.php(109): Illuminate\Pipeline\Pipeline->{closure:{closure:Illuminate\Pipeline\Pipeline::carry():194}:195}(Object(Illuminate\Http\Request))
#61 /Users/jon/Herd/clarence/vendor/laravel/framework/src/Illuminate/Pipeline/Pipeline.php(219): Illuminate\Foundation\Http\Middleware\PreventRequestsDuringMaintenance->handle(Object(Illuminate\Http\Request), Object(Closure))
#62 /Users/jon/Herd/clarence/vendor/laravel/framework/src/Illuminate/Http/Middleware/HandleCors.php(61): Illuminate\Pipeline\Pipeline->{closure:{closure:Illuminate\Pipeline\Pipeline::carry():194}:195}(Object(Illuminate\Http\Request))
#63 /Users/jon/Herd/clarence/vendor/laravel/framework/src/Illuminate/Pipeline/Pipeline.php(219): Illuminate\Http\Middleware\HandleCors->handle(Object(Illuminate\Http\Request), Object(Closure))
#64 /Users/jon/Herd/clarence/vendor/laravel/framework/src/Illuminate/Http/Middleware/TrustProxies.php(58): Illuminate\Pipeline\Pipeline->{closure:{closure:Illuminate\Pipeline\Pipeline::carry():194}:195}(Object(Illuminate\Http\Request))
#65 /Users/jon/Herd/clarence/vendor/laravel/framework/src/Illuminate/Pipeline/Pipeline.php(219): Illuminate\Http\Middleware\TrustProxies->handle(Object(Illuminate\Http\Request), Object(Closure))
#66 /Users/jon/Herd/clarence/vendor/laravel/framework/src/Illuminate/Foundation/Http/Middleware/InvokeDeferredCallbacks.php(22): Illuminate\Pipeline\Pipeline->{closure:{closure:Illuminate\Pipeline\Pipeline::carry():194}:195}(Object(Illuminate\Http\Request))
#67 /Users/jon/Herd/clarence/vendor/laravel/framework/src/Illuminate/Pipeline/Pipeline.php(219): Illuminate\Foundation\Http\Middleware\InvokeDeferredCallbacks->handle(Object(Illuminate\Http\Request), Object(Closure))
#68 /Users/jon/Herd/clarence/vendor/laravel/framework/src/Illuminate/Http/Middleware/ValidatePathEncoding.php(26): Illuminate\Pipeline\Pipeline->{closure:{closure:Illuminate\Pipeline\Pipeline::carry():194}:195}(Object(Illuminate\Http\Request))
#69 /Users/jon/Herd/clarence/vendor/laravel/framework/src/Illuminate/Pipeline/Pipeline.php(219): Illuminate\Http\Middleware\ValidatePathEncoding->handle(Object(Illuminate\Http\Request), Object(Closure))
#70 /Users/jon/Herd/clarence/vendor/laravel/framework/src/Illuminate/Pipeline/Pipeline.php(137): Illuminate\Pipeline\Pipeline->{closure:{closure:Illuminate\Pipeline\Pipeline::carry():194}:195}(Object(Illuminate\Http\Request))
#71 /Users/jon/Herd/clarence/vendor/laravel/framework/src/Illuminate/Foundation/Http/Kernel.php(175): Illuminate\Pipeline\Pipeline->then(Object(Closure))
#72 /Users/jon/Herd/clarence/vendor/laravel/framework/src/Illuminate/Foundation/Http/Kernel.php(144): Illuminate\Foundation\Http\Kernel->sendRequestThroughRouter(Object(Illuminate\Http\Request))
#73 /Users/jon/Herd/clarence/vendor/laravel/framework/src/Illuminate/Foundation/Testing/Concerns/MakesHttpRequests.php(607): Illuminate\Foundation\Http\Kernel->handle(Object(Illuminate\Http\Request))
#74 /Users/jon/Herd/clarence/vendor/laravel/framework/src/Illuminate/Foundation/Testing/Concerns/MakesHttpRequests.php(368): Illuminate\Foundation\Testing\TestCase->call('GET', '/', Array, Array, Array, Array)
#75 /Users/jon/Herd/clarence/tests/Feature/ExampleTest.php(15): Illuminate\Foundation\Testing\TestCase->get('/')
#76 /Users/jon/Herd/clarence/vendor/phpunit/phpunit/src/Framework/TestCase.php(1667): Tests\Feature\ExampleTest->test_the_application_returns_a_successful_response()
#77 /Users/jon/Herd/clarence/vendor/phpunit/phpunit/src/Framework/TestCase.php(519): PHPUnit\Framework\TestCase->runTest()
#78 /Users/jon/Herd/clarence/vendor/phpunit/phpunit/src/Framework/TestRunner/TestRunner.php(87): PHPUnit\Framework\TestCase->runBare()
#79 /Users/jon/Herd/clarence/vendor/phpunit/phpunit/src/Framework/TestCase.php(365): PHPUnit\Framework\TestRunner->run(Object(Tests\Feature\ExampleTest))
#80 /Users/jon/Herd/clarence/vendor/phpunit/phpunit/src/Framework/TestSuite.php(369): PHPUnit\Framework\TestCase->run()
#81 /Users/jon/Herd/clarence/vendor/phpunit/phpunit/src/Framework/TestSuite.php(369): PHPUnit\Framework\TestSuite->run()
#82 /Users/jon/Herd/clarence/vendor/phpunit/phpunit/src/Framework/TestSuite.php(369): PHPUnit\Framework\TestSuite->run()
#83 /Users/jon/Herd/clarence/vendor/phpunit/phpunit/src/TextUI/TestRunner.php(64): PHPUnit\Framework\TestSuite->run()
#84 /Users/jon/Herd/clarence/vendor/phpunit/phpunit/src/TextUI/Application.php(211): PHPUnit\TextUI\TestRunner->run(Object(PHPUnit\TextUI\Configuration\Configuration), Object(PHPUnit\Runner\ResultCache\DefaultResultCache), Object(PHPUnit\Framework\TestSuite))
#85 /Users/jon/Herd/clarence/vendor/phpunit/phpunit/phpunit(104): PHPUnit\TextUI\Application->run(Array)
#86 {main}
Next Illuminate\Database\QueryException: SQLSTATE[HY000]: General error: 1 no such table: news_articles (Connection: sqlite, Database: :memory:, SQL: select * from "news_articles" where "is_active" = 1 and "published_at" <= 2026-01-27 19:34:51 order by "published_at" desc limit 3) in /Users/jon/Herd/clarence/vendor/laravel/framework/src/Illuminate/Database/Connection.php:838
Stack trace:
#0 /Users/jon/Herd/clarence/vendor/laravel/framework/src/Illuminate/Database/Connection.php(794): Illuminate\Database\Connection->runQueryCallback('select * from "...', Array, Object(Closure))
#1 /Users/jon/Herd/clarence/vendor/laravel/framework/src/Illuminate/Database/Connection.php(411): Illuminate\Database\Connection->run('select * from "...', Array, Object(Closure))
#2 /Users/jon/Herd/clarence/vendor/laravel/framework/src/Illuminate/Database/Query/Builder.php(3386): Illuminate\Database\Connection->select('select * from "...', Array, true)
#3 /Users/jon/Herd/clarence/vendor/laravel/framework/src/Illuminate/Database/Query/Builder.php(3371): Illuminate\Database\Query\Builder->runSelect()
#4 /Users/jon/Herd/clarence/vendor/laravel/framework/src/Illuminate/Database/Query/Builder.php(3961): Illuminate\Database\Query\Builder->{closure:Illuminate\Database\Query\Builder::get():3370}()
#5 /Users/jon/Herd/clarence/vendor/laravel/framework/src/Illuminate/Database/Query/Builder.php(3370): Illuminate\Database\Query\Builder->onceWithColumns(Array, Object(Closure))
#6 /Users/jon/Herd/clarence/vendor/laravel/framework/src/Illuminate/Database/Eloquent/Builder.php(902): Illuminate\Database\Query\Builder->get(Array)
#7 /Users/jon/Herd/clarence/vendor/laravel/framework/src/Illuminate/Database/Eloquent/Builder.php(884): Illuminate\Database\Eloquent\Builder->getModels(Array)
#8 /Users/jon/Herd/clarence/app/Livewire/Home.php(18): Illuminate\Database\Eloquent\Builder->get()
#9 /Users/jon/Herd/clarence/vendor/laravel/framework/src/Illuminate/Container/BoundMethod.php(36): App\Livewire\Home->render()
#10 /Users/jon/Herd/clarence/vendor/laravel/framework/src/Illuminate/Container/Util.php(43): Illuminate\Container\BoundMethod::{closure:Illuminate\Container\BoundMethod::call():35}()
#11 /Users/jon/Herd/clarence/vendor/laravel/framework/src/Illuminate/Container/BoundMethod.php(96): Illuminate\Container\Util::unwrapIfClosure(Object(Closure))
#12 /Users/jon/Herd/clarence/vendor/laravel/framework/src/Illuminate/Container/BoundMethod.php(35): Illuminate\Container\BoundMethod::callBoundMethod(Object(Illuminate\Foundation\Application), Array, Object(Closure))
#13 /Users/jon/Herd/clarence/vendor/livewire/livewire/src/Wrapped.php(23): Illuminate\Container\BoundMethod::call(Object(Illuminate\Foundation\Application), Array, Array)
#14 /Users/jon/Herd/clarence/vendor/livewire/livewire/src/Mechanisms/HandleComponents/HandleComponents.php(410): Livewire\Wrapped->__call('render', Array)
#15 /Users/jon/Herd/clarence/vendor/livewire/livewire/src/Mechanisms/HandleComponents/HandleComponents.php(367): Livewire\Mechanisms\HandleComponents\HandleComponents->getView(Object(App\Livewire\Home))
#16 /Users/jon/Herd/clarence/vendor/livewire/livewire/src/Mechanisms/HandleComponents/HandleComponents.php(70): Livewire\Mechanisms\HandleComponents\HandleComponents->render(Object(App\Livewire\Home), '<div></div>')
#17 /Users/jon/Herd/clarence/vendor/livewire/livewire/src/LivewireManager.php(102): Livewire\Mechanisms\HandleComponents\HandleComponents->mount('App\\Livewire\\Ho...', Array, NULL, Array)
#18 /Users/jon/Herd/clarence/vendor/livewire/livewire/src/Features/SupportPageComponents/HandlesPageComponents.php(19): Livewire\LivewireManager->mount('App\\Livewire\\Ho...', Array)
#19 /Users/jon/Herd/clarence/vendor/livewire/livewire/src/Features/SupportPageComponents/SupportPageComponents.php(118): Livewire\Component->{closure:Livewire\Features\SupportPageComponents\HandlesPageComponents::__invoke():14}()
#20 /Users/jon/Herd/clarence/vendor/livewire/livewire/src/Features/SupportPageComponents/HandlesPageComponents.php(14): Livewire\Features\SupportPageComponents\SupportPageComponents::interceptTheRenderOfTheComponentAndRetreiveTheLayoutConfiguration(Object(Closure))
#21 /Users/jon/Herd/clarence/vendor/laravel/framework/src/Illuminate/Routing/ControllerDispatcher.php(46): Livewire\Component->__invoke()
#22 /Users/jon/Herd/clarence/vendor/laravel/framework/src/Illuminate/Routing/Route.php(265): Illuminate\Routing\ControllerDispatcher->dispatch(Object(Illuminate\Routing\Route), Object(App\Livewire\Home), '__invoke')
#23 /Users/jon/Herd/clarence/vendor/laravel/framework/src/Illuminate/Routing/Route.php(211): Illuminate\Routing\Route->runController()
#24 /Users/jon/Herd/clarence/vendor/laravel/framework/src/Illuminate/Routing/Router.php(822): Illuminate\Routing\Route->run()
#25 /Users/jon/Herd/clarence/vendor/laravel/framework/src/Illuminate/Pipeline/Pipeline.php(180): Illuminate\Routing\Router->{closure:Illuminate\Routing\Router::runRouteWithinStack():821}(Object(Illuminate\Http\Request))
#26 /Users/jon/Herd/clarence/vendor/laravel/framework/src/Illuminate/Routing/Middleware/SubstituteBindings.php(50): Illuminate\Pipeline\Pipeline->{closure:Illuminate\Pipeline\Pipeline::prepareDestination():178}(Object(Illuminate\Http\Request))
#27 /Users/jon/Herd/clarence/vendor/laravel/framework/src/Illuminate/Pipeline/Pipeline.php(219): Illuminate\Routing\Middleware\SubstituteBindings->handle(Object(Illuminate\Http\Request), Object(Closure))
#28 /Users/jon/Herd/clarence/vendor/laravel/framework/src/Illuminate/Foundation/Http/Middleware/VerifyCsrfToken.php(87): Illuminate\Pipeline\Pipeline->{closure:{closure:Illuminate\Pipeline\Pipeline::carry():194}:195}(Object(Illuminate\Http\Request))
#29 /Users/jon/Herd/clarence/vendor/laravel/framework/src/Illuminate/Pipeline/Pipeline.php(219): Illuminate\Foundation\Http\Middleware\VerifyCsrfToken->handle(Object(Illuminate\Http\Request), Object(Closure))
#30 /Users/jon/Herd/clarence/vendor/laravel/framework/src/Illuminate/View/Middleware/ShareErrorsFromSession.php(48): Illuminate\Pipeline\Pipeline->{closure:{closure:Illuminate\Pipeline\Pipeline::carry():194}:195}(Object(Illuminate\Http\Request))
#31 /Users/jon/Herd/clarence/vendor/laravel/framework/src/Illuminate/Pipeline/Pipeline.php(219): Illuminate\View\Middleware\ShareErrorsFromSession->handle(Object(Illuminate\Http\Request), Object(Closure))
#32 /Users/jon/Herd/clarence/vendor/laravel/framework/src/Illuminate/Session/Middleware/StartSession.php(120): Illuminate\Pipeline\Pipeline->{closure:{closure:Illuminate\Pipeline\Pipeline::carry():194}:195}(Object(Illuminate\Http\Request))
#33 /Users/jon/Herd/clarence/vendor/laravel/framework/src/Illuminate/Session/Middleware/StartSession.php(63): Illuminate\Session\Middleware\StartSession->handleStatefulRequest(Object(Illuminate\Http\Request), Object(Illuminate\Session\Store), Object(Closure))
#34 /Users/jon/Herd/clarence/vendor/laravel/framework/src/Illuminate/Pipeline/Pipeline.php(219): Illuminate\Session\Middleware\StartSession->handle(Object(Illuminate\Http\Request), Object(Closure))
#35 /Users/jon/Herd/clarence/vendor/laravel/framework/src/Illuminate/Cookie/Middleware/AddQueuedCookiesToResponse.php(36): Illuminate\Pipeline\Pipeline->{closure:{closure:Illuminate\Pipeline\Pipeline::carry():194}:195}(Object(Illuminate\Http\Request))
#36 /Users/jon/Herd/clarence/vendor/laravel/framework/src/Illuminate/Pipeline/Pipeline.php(219): Illuminate\Cookie\Middleware\AddQueuedCookiesToResponse->handle(Object(Illuminate\Http\Request), Object(Closure))
#37 /Users/jon/Herd/clarence/vendor/laravel/framework/src/Illuminate/Cookie/Middleware/EncryptCookies.php(74): Illuminate\Pipeline\Pipeline->{closure:{closure:Illuminate\Pipeline\Pipeline::carry():194}:195}(Object(Illuminate\Http\Request))
#38 /Users/jon/Herd/clarence/vendor/laravel/framework/src/Illuminate/Pipeline/Pipeline.php(219): Illuminate\Cookie\Middleware\EncryptCookies->handle(Object(Illuminate\Http\Request), Object(Closure))
#39 /Users/jon/Herd/clarence/vendor/laravel/framework/src/Illuminate/Pipeline/Pipeline.php(137): Illuminate\Pipeline\Pipeline->{closure:{closure:Illuminate\Pipeline\Pipeline::carry():194}:195}(Object(Illuminate\Http\Request))
#40 /Users/jon/Herd/clarence/vendor/laravel/framework/src/Illuminate/Routing/Router.php(821): Illuminate\Pipeline\Pipeline->then(Object(Closure))
#41 /Users/jon/Herd/clarence/vendor/laravel/framework/src/Illuminate/Routing/Router.php(800): Illuminate\Routing\Router->runRouteWithinStack(Object(Illuminate\Routing\Route), Object(Illuminate\Http\Request))
#42 /Users/jon/Herd/clarence/vendor/laravel/framework/src/Illuminate/Routing/Router.php(764): Illuminate\Routing\Router->runRoute(Object(Illuminate\Http\Request), Object(Illuminate\Routing\Route))
#43 /Users/jon/Herd/clarence/vendor/laravel/framework/src/Illuminate/Routing/Router.php(753): Illuminate\Routing\Router->dispatchToRoute(Object(Illuminate\Http\Request))
#44 /Users/jon/Herd/clarence/vendor/laravel/framework/src/Illuminate/Foundation/Http/Kernel.php(200): Illuminate\Routing\Router->dispatch(Object(Illuminate\Http\Request))
#45 /Users/jon/Herd/clarence/vendor/laravel/framework/src/Illuminate/Pipeline/Pipeline.php(180): Illuminate\Foundation\Http\Kernel->{closure:Illuminate\Foundation\Http\Kernel::dispatchToRouter():197}(Object(Illuminate\Http\Request))
#46 /Users/jon/Herd/clarence/vendor/livewire/livewire/src/Features/SupportDisablingBackButtonCache/DisableBackButtonCacheMiddleware.php(19): Illuminate\Pipeline\Pipeline->{closure:Illuminate\Pipeline\Pipeline::prepareDestination():178}(Object(Illuminate\Http\Request))
#47 /Users/jon/Herd/clarence/vendor/laravel/framework/src/Illuminate/Pipeline/Pipeline.php(219): Livewire\Features\SupportDisablingBackButtonCache\DisableBackButtonCacheMiddleware->handle(Object(Illuminate\Http\Request), Object(Closure))
#48 /Users/jon/Herd/clarence/app/Http/Middleware/LoadSettings.php(67): Illuminate\Pipeline\Pipeline->{closure:{closure:Illuminate\Pipeline\Pipeline::carry():194}:195}(Object(Illuminate\Http\Request))
#49 /Users/jon/Herd/clarence/vendor/laravel/framework/src/Illuminate/Pipeline/Pipeline.php(219): App\Http\Middleware\LoadSettings->handle(Object(Illuminate\Http\Request), Object(Closure))
#50 /Users/jon/Herd/clarence/vendor/laravel/framework/src/Illuminate/Foundation/Http/Middleware/TransformsRequest.php(21): Illuminate\Pipeline\Pipeline->{closure:{closure:Illuminate\Pipeline\Pipeline::carry():194}:195}(Object(Illuminate\Http\Request))
#51 /Users/jon/Herd/clarence/vendor/laravel/framework/src/Illuminate/Foundation/Http/Middleware/ConvertEmptyStringsToNull.php(31): Illuminate\Foundation\Http\Middleware\TransformsRequest->handle(Object(Illuminate\Http\Request), Object(Closure))
#52 /Users/jon/Herd/clarence/vendor/laravel/framework/src/Illuminate/Pipeline/Pipeline.php(219): Illuminate\Foundation\Http\Middleware\ConvertEmptyStringsToNull->handle(Object(Illuminate\Http\Request), Object(Closure))
#53 /Users/jon/Herd/clarence/vendor/laravel/framework/src/Illuminate/Foundation/Http/Middleware/TransformsRequest.php(21): Illuminate\Pipeline\Pipeline->{closure:{closure:Illuminate\Pipeline\Pipeline::carry():194}:195}(Object(Illuminate\Http\Request))
#54 /Users/jon/Herd/clarence/vendor/laravel/framework/src/Illuminate/Foundation/Http/Middleware/TrimStrings.php(51): Illuminate\Foundation\Http\Middleware\TransformsRequest->handle(Object(Illuminate\Http\Request), Object(Closure))
#55 /Users/jon/Herd/clarence/vendor/laravel/framework/src/Illuminate/Pipeline/Pipeline.php(219): Illuminate\Foundation\Http\Middleware\TrimStrings->handle(Object(Illuminate\Http\Request), Object(Closure))
#56 /Users/jon/Herd/clarence/vendor/laravel/framework/src/Illuminate/Http/Middleware/ValidatePostSize.php(27): Illuminate\Pipeline\Pipeline->{closure:{closure:Illuminate\Pipeline\Pipeline::carry():194}:195}(Object(Illuminate\Http\Request))
#57 /Users/jon/Herd/clarence/vendor/laravel/framework/src/Illuminate/Pipeline/Pipeline.php(219): Illuminate\Http\Middleware\ValidatePostSize->handle(Object(Illuminate\Http\Request), Object(Closure))
#58 /Users/jon/Herd/clarence/vendor/laravel/framework/src/Illuminate/Foundation/Http/Middleware/PreventRequestsDuringMaintenance.php(109): Illuminate\Pipeline\Pipeline->{closure:{closure:Illuminate\Pipeline\Pipeline::carry():194}:195}(Object(Illuminate\Http\Request))
#59 /Users/jon/Herd/clarence/vendor/laravel/framework/src/Illuminate/Pipeline/Pipeline.php(219): Illuminate\Foundation\Http\Middleware\PreventRequestsDuringMaintenance->handle(Object(Illuminate\Http\Request), Object(Closure))
#60 /Users/jon/Herd/clarence/vendor/laravel/framework/src/Illuminate/Http/Middleware/HandleCors.php(61): Illuminate\Pipeline\Pipeline->{closure:{closure:Illuminate\Pipeline\Pipeline::carry():194}:195}(Object(Illuminate\Http\Request))
#61 /Users/jon/Herd/clarence/vendor/laravel/framework/src/Illuminate/Pipeline/Pipeline.php(219): Illuminate\Http\Middleware\HandleCors->handle(Object(Illuminate\Http\Request), Object(Closure))
#62 /Users/jon/Herd/clarence/vendor/laravel/framework/src/Illuminate/Http/Middleware/TrustProxies.php(58): Illuminate\Pipeline\Pipeline->{closure:{closure:Illuminate\Pipeline\Pipeline::carry():194}:195}(Object(Illuminate\Http\Request))
#63 /Users/jon/Herd/clarence/vendor/laravel/framework/src/Illuminate/Pipeline/Pipeline.php(219): Illuminate\Http\Middleware\TrustProxies->handle(Object(Illuminate\Http\Request), Object(Closure))
#64 /Users/jon/Herd/clarence/vendor/laravel/framework/src/Illuminate/Foundation/Http/Middleware/InvokeDeferredCallbacks.php(22): Illuminate\Pipeline\Pipeline->{closure:{closure:Illuminate\Pipeline\Pipeline::carry():194}:195}(Object(Illuminate\Http\Request))
#65 /Users/jon/Herd/clarence/vendor/laravel/framework/src/Illuminate/Pipeline/Pipeline.php(219): Illuminate\Foundation\Http\Middleware\InvokeDeferredCallbacks->handle(Object(Illuminate\Http\Request), Object(Closure))
#66 /Users/jon/Herd/clarence/vendor/laravel/framework/src/Illuminate/Http/Middleware/ValidatePathEncoding.php(26): Illuminate\Pipeline\Pipeline->{closure:{closure:Illuminate\Pipeline\Pipeline::carry():194}:195}(Object(Illuminate\Http\Request))
#67 /Users/jon/Herd/clarence/vendor/laravel/framework/src/Illuminate/Pipeline/Pipeline.php(219): Illuminate\Http\Middleware\ValidatePathEncoding->handle(Object(Illuminate\Http\Request), Object(Closure))
#68 /Users/jon/Herd/clarence/vendor/laravel/framework/src/Illuminate/Pipeline/Pipeline.php(137): Illuminate\Pipeline\Pipeline->{closure:{closure:Illuminate\Pipeline\Pipeline::carry():194}:195}(Object(Illuminate\Http\Request))
#69 /Users/jon/Herd/clarence/vendor/laravel/framework/src/Illuminate/Foundation/Http/Kernel.php(175): Illuminate\Pipeline\Pipeline->then(Object(Closure))
#70 /Users/jon/Herd/clarence/vendor/laravel/framework/src/Illuminate/Foundation/Http/Kernel.php(144): Illuminate\Foundation\Http\Kernel->sendRequestThroughRouter(Object(Illuminate\Http\Request))
#71 /Users/jon/Herd/clarence/vendor/laravel/framework/src/Illuminate/Foundation/Testing/Concerns/MakesHttpRequests.php(607): Illuminate\Foundation\Http\Kernel->handle(Object(Illuminate\Http\Request))
#72 /Users/jon/Herd/clarence/vendor/laravel/framework/src/Illuminate/Foundation/Testing/Concerns/MakesHttpRequests.php(368): Illuminate\Foundation\Testing\TestCase->call('GET', '/', Array, Array, Array, Array)
#73 /Users/jon/Herd/clarence/tests/Feature/ExampleTest.php(15): Illuminate\Foundation\Testing\TestCase->get('/')
#74 /Users/jon/Herd/clarence/vendor/phpunit/phpunit/src/Framework/TestCase.php(1667): Tests\Feature\ExampleTest->test_the_application_returns_a_successful_response()
#75 /Users/jon/Herd/clarence/vendor/phpunit/phpunit/src/Framework/TestCase.php(519): PHPUnit\Framework\TestCase->runTest()
#76 /Users/jon/Herd/clarence/vendor/phpunit/phpunit/src/Framework/TestRunner/TestRunner.php(87): PHPUnit\Framework\TestCase->runBare()
#77 /Users/jon/Herd/clarence/vendor/phpunit/phpunit/src/Framework/TestCase.php(365): PHPUnit\Framework\TestRunner->run(Object(Tests\Feature\ExampleTest))
#78 /Users/jon/Herd/clarence/vendor/phpunit/phpunit/src/Framework/TestSuite.php(369): PHPUnit\Framework\TestCase->run()
#79 /Users/jon/Herd/clarence/vendor/phpunit/phpunit/src/Framework/TestSuite.php(369): PHPUnit\Framework\TestSuite->run()
#80 /Users/jon/Herd/clarence/vendor/phpunit/phpunit/src/Framework/TestSuite.php(369): PHPUnit\Framework\TestSuite->run()
#81 /Users/jon/Herd/clarence/vendor/phpunit/phpunit/src/TextUI/TestRunner.php(64): PHPUnit\Framework\TestSuite->run()
#82 /Users/jon/Herd/clarence/vendor/phpunit/phpunit/src/TextUI/Application.php(211): PHPUnit\TextUI\TestRunner->run(Object(PHPUnit\TextUI\Configuration\Configuration), Object(PHPUnit\Runner\ResultCache\DefaultResultCache), Object(PHPUnit\Framework\TestSuite))
#83 /Users/jon/Herd/clarence/vendor/phpunit/phpunit/phpunit(104): PHPUnit\TextUI\Application->run(Array)
#84 {main}
----------------------------------------------------------------------------------
SQLSTATE[HY000]: General error: 1 no such table: news_articles (Connection: sqlite, Database: :memory:, SQL: select * from "news_articles" where "is_active" = 1 and "published_at" <= 2026-01-27 19:34:51 order by "published_at" desc limit 3)
  at tests/Feature/ExampleTest.php:17
     13▕     public function test_the_application_returns_a_successful_response(): void
     14▕     {
     15▕         $response = $this->get('/');
     16▕
  ➜  17▕         $response->assertStatus(200);
     18▕     }
     19▕ }
     20▕
  ────────────────────────────────────────────────────────────────────────────
   FAILED  Tests\Feature\HealthCheckTest > health check command runs success…
  Failed asserting that table [health_check_result_history_items] matches expected entries count of 5. Entries found: 12.
.
  at tests/Feature/HealthCheckTest.php:20
     16▕         $this->artisan(RunHealthChecksCommand::class)
     17▕             ->assertExitCode(0);
     18▕
     19▕         // Check for any result in the database
  ➜  20▕         $this->assertDatabaseCount('health_check_result_history_items', 5);
     21▕     }
     22▕
     23▕     public function test_health_page_is_accessible_to_admin(): void
     24▕     {
  Tests:    2 failed, 48 passed (123 assertions)
  Duration: 3.51s
